<?xml version="1.0" encoding="UTF-8"?>
<!-- Generated by org.testng.reporters.JUnitXMLReporter -->
<testsuite ignored="0" hostname="User-PC" failures="0" tests="9" name="testRunner1" time="0.42" errors="0" timestamp="2022-08-18T12:47:59 IST">
  <testcase classname="org.practice1.org" name="creatorg" time="0.041"/>
  <testcase classname="org.practice1.org" name="deleteorg" time="0.011"/>
  <testcase classname="org.practice1.org" name="modifyorg" time="0.006"/>
  <testcase classname="org.practice.campaingn" name="createCampaingn" time="0.011"/>
  <testcase classname="org.practice.campaingn" name="deleteCampaingn" time="0.012"/>
  <testcase classname="org.practice.campaingn" name="modifyCampaingn" time="0.006"/>
  <testcase classname="org.practice.Organization" name="createOrganization" time="0.006"/>
  <testcase classname="org.practice.Organization" name="deleteOrganization" time="0.005"/>
  <testcase classname="org.practice.Organization" name="modifyOrganization" time="0.005"/>
</testsuite> <!-- testRunner1 -->
