<?xml version="1.0" encoding="UTF-8"?>
<!-- Generated by org.testng.reporters.JUnitXMLReporter -->
<testsuite ignored="0" hostname="User-PC" failures="0" tests="9" name="testRunner2" time="0.413" errors="0" timestamp="2022-08-18T12:47:59 IST">
  <testcase classname="org.practice.Customer" name="createCustomer" time="0.042"/>
  <testcase classname="org.practice.Customer" name="deleteCustomer" time="0.005"/>
  <testcase classname="org.practice.Customer" name="modifyCustomer" time="0.008"/>
  <testcase classname="org.practice1.camp" name="createcamp" time="0.033"/>
  <testcase classname="org.practice1.camp" name="deletecamp" time="0.013"/>
  <testcase classname="org.practice1.camp" name="modifycamp" time="0.006"/>
  <testcase classname="org.practice1.cust" name="creatcust" time="0.005"/>
  <testcase classname="org.practice1.cust" name="deletecust" time="0.005"/>
  <testcase classname="org.practice1.cust" name="modifycust" time="0.005"/>
</testsuite> <!-- testRunner2 -->
