<?xml version="1.0" encoding="UTF-8"?>
<!-- Generated by org.testng.reporters.JUnitXMLReporter -->
<testsuite ignored="8" hostname="User-PC" failures="0" tests="10" name="Test" time="0.326" errors="0" timestamp="2022-08-17T17:59:55 IST">
  <testcase classname="org.practice1.org" name="creatorg" time="0.023"/>
  <testcase classname="org.practice1.org" name="deleteorg" time="0.003"/>
  <testcase classname="org.practice.campaingn" name="modifyCampaingn" time="0.002"/>
  <testcase classname="org.practice.Organization" name="createOrganization" time="0.004"/>
  <testcase classname="org.practice.Organization" name="modifyOrganization" time="0.005"/>
  <testcase classname="org.practice.Customer" name="createCustomer" time="0.022"/>
  <testcase classname="org.practice.Customer" name="deleteCustomer" time="0.005"/>
  <testcase classname="org.practice1.camp" name="modifycamp" time="0.025"/>
  <testcase classname="org.practice1.cust" name="creatcust" time="0.003"/>
  <testcase classname="org.practice1.cust" name="deletecust" time="0.007"/>
  <testcase classname="org.practice1.cust" name="modifycust" time="0.0">
    <ignored/>
  </testcase> <!-- modifycust -->
  <testcase classname="org.practice1.camp" name="deletecamp" time="0.0">
    <ignored/>
  </testcase> <!-- deletecamp -->
  <testcase classname="org.practice.Customer" name="modifyCustomer" time="0.0">
    <ignored/>
  </testcase> <!-- modifyCustomer -->
  <testcase classname="org.practice1.org" name="modifyorg" time="0.0">
    <ignored/>
  </testcase> <!-- modifyorg -->
  <testcase classname="org.practice.Organization" name="deleteOrganization" time="0.0">
    <ignored/>
  </testcase> <!-- deleteOrganization -->
  <testcase classname="org.practice1.camp" name="createcamp" time="0.0">
    <ignored/>
  </testcase> <!-- createcamp -->
  <testcase classname="org.practice.campaingn" name="deleteCampaingn" time="0.0">
    <ignored/>
  </testcase> <!-- deleteCampaingn -->
  <testcase classname="org.practice.campaingn" name="createCampaingn" time="0.0">
    <ignored/>
  </testcase> <!-- createCampaingn -->
</testsuite> <!-- Test -->
